{"/Users/pedrober/repositories/cs50-mobile/project3-final/final-project/src/api/api.js": {"path":"/Users/pedrober/repositories/cs50-mobile/project3-final/final-project/src/api/api.js","statementMap":{"0":{"start":{"line":1,"column":16},"end":{"line":1,"column":54}},"1":{"start":{"line":3,"column":20},"end":{"line":15,"column":1}},"2":{"start":{"line":4,"column":20},"end":{"line":13,"column":3}},"3":{"start":{"line":8,"column":39},"end":{"line":12,"column":5}},"4":{"start":{"line":14,"column":2},"end":{"line":14,"column":19}},"5":{"start":{"line":17,"column":25},"end":{"line":43,"column":1}},"6":{"start":{"line":23,"column":2},"end":{"line":34,"column":3}},"7":{"start":{"line":24,"column":19},"end":{"line":24,"column":78}},"8":{"start":{"line":25,"column":4},"end":{"line":33,"column":12}},"9":{"start":{"line":36,"column":19},"end":{"line":36,"column":35}},"10":{"start":{"line":37,"column":2},"end":{"line":40,"column":3}},"11":{"start":{"line":38,"column":20},"end":{"line":38,"column":41}},"12":{"start":{"line":39,"column":4},"end":{"line":39,"column":32}},"13":{"start":{"line":41,"column":21},"end":{"line":41,"column":42}},"14":{"start":{"line":42,"column":2},"end":{"line":42,"column":30}},"15":{"start":{"line":45,"column":28},"end":{"line":45,"column":77}},"16":{"start":{"line":45,"column":38},"end":{"line":45,"column":77}},"17":{"start":{"line":45,"column":58},"end":{"line":45,"column":76}},"18":{"start":{"line":46,"column":28},"end":{"line":53,"column":10}},"19":{"start":{"line":47,"column":2},"end":{"line":53,"column":10}},"20":{"start":{"line":48,"column":28},"end":{"line":52,"column":7}},"21":{"start":{"line":55,"column":22},"end":{"line":63,"column":1}},"22":{"start":{"line":56,"column":17},"end":{"line":56,"column":35}},"23":{"start":{"line":57,"column":20},"end":{"line":61,"column":3}},"24":{"start":{"line":62,"column":2},"end":{"line":62,"column":19}},"25":{"start":{"line":65,"column":27},"end":{"line":80,"column":1}},"26":{"start":{"line":67,"column":4},"end":{"line":68,"column":68}},"27":{"start":{"line":70,"column":4},"end":{"line":72,"column":23}},"28":{"start":{"line":73,"column":19},"end":{"line":73,"column":35}},"29":{"start":{"line":74,"column":2},"end":{"line":77,"column":3}},"30":{"start":{"line":75,"column":20},"end":{"line":75,"column":41}},"31":{"start":{"line":76,"column":4},"end":{"line":76,"column":34}},"32":{"start":{"line":78,"column":21},"end":{"line":78,"column":42}},"33":{"start":{"line":79,"column":2},"end":{"line":79,"column":30}},"34":{"start":{"line":82,"column":34},"end":{"line":84,"column":1}},"35":{"start":{"line":83,"column":2},"end":{"line":83,"column":74}},"36":{"start":{"line":86,"column":27},"end":{"line":101,"column":1}},"37":{"start":{"line":88,"column":4},"end":{"line":89,"column":41}},"38":{"start":{"line":91,"column":4},"end":{"line":93,"column":23}},"39":{"start":{"line":94,"column":19},"end":{"line":94,"column":35}},"40":{"start":{"line":95,"column":2},"end":{"line":98,"column":3}},"41":{"start":{"line":96,"column":20},"end":{"line":96,"column":41}},"42":{"start":{"line":97,"column":4},"end":{"line":97,"column":19}},"43":{"start":{"line":99,"column":21},"end":{"line":99,"column":42}},"44":{"start":{"line":100,"column":2},"end":{"line":100,"column":30}},"45":{"start":{"line":103,"column":20},"end":{"line":118,"column":1}},"46":{"start":{"line":104,"column":2},"end":{"line":117,"column":3}},"47":{"start":{"line":105,"column":18},"end":{"line":105,"column":63}},"48":{"start":{"line":106,"column":15},"end":{"line":106,"column":58}},"49":{"start":{"line":107,"column":4},"end":{"line":114,"column":6}},"50":{"start":{"line":109,"column":41},"end":{"line":113,"column":7}},"51":{"start":{"line":116,"column":4},"end":{"line":116,"column":19}},"52":{"start":{"line":120,"column":27},"end":{"line":180,"column":1}},"53":{"start":{"line":126,"column":2},"end":{"line":171,"column":3}},"54":{"start":{"line":128,"column":15},"end":{"line":128,"column":21}},"55":{"start":{"line":129,"column":16},"end":{"line":129,"column":18}},"56":{"start":{"line":130,"column":22},"end":{"line":130,"column":43}},"57":{"start":{"line":132,"column":4},"end":{"line":152,"column":5}},"58":{"start":{"line":134,"column":8},"end":{"line":134,"column":29}},"59":{"start":{"line":135,"column":8},"end":{"line":135,"column":46}},"60":{"start":{"line":136,"column":8},"end":{"line":136,"column":14}},"61":{"start":{"line":138,"column":8},"end":{"line":138,"column":23}},"62":{"start":{"line":139,"column":8},"end":{"line":139,"column":38}},"63":{"start":{"line":140,"column":8},"end":{"line":140,"column":30}},"64":{"start":{"line":141,"column":8},"end":{"line":141,"column":14}},"65":{"start":{"line":143,"column":8},"end":{"line":143,"column":45}},"66":{"start":{"line":144,"column":8},"end":{"line":144,"column":14}},"67":{"start":{"line":146,"column":8},"end":{"line":146,"column":31}},"68":{"start":{"line":147,"column":8},"end":{"line":147,"column":53}},"69":{"start":{"line":148,"column":8},"end":{"line":148,"column":14}},"70":{"start":{"line":150,"column":8},"end":{"line":150,"column":39}},"71":{"start":{"line":151,"column":8},"end":{"line":151,"column":14}},"72":{"start":{"line":154,"column":4},"end":{"line":157,"column":5}},"73":{"start":{"line":155,"column":6},"end":{"line":156,"column":43}},"74":{"start":{"line":155,"column":30},"end":{"line":155,"column":58}},"75":{"start":{"line":156,"column":11},"end":{"line":156,"column":43}},"76":{"start":{"line":159,"column":4},"end":{"line":166,"column":12}},"77":{"start":{"line":168,"column":4},"end":{"line":170,"column":5}},"78":{"start":{"line":169,"column":6},"end":{"line":169,"column":29}},"79":{"start":{"line":173,"column":19},"end":{"line":173,"column":35}},"80":{"start":{"line":174,"column":2},"end":{"line":177,"column":3}},"81":{"start":{"line":175,"column":20},"end":{"line":175,"column":41}},"82":{"start":{"line":176,"column":4},"end":{"line":176,"column":40}},"83":{"start":{"line":178,"column":21},"end":{"line":178,"column":42}},"84":{"start":{"line":179,"column":2},"end":{"line":179,"column":30}}},"fnMap":{"0":{"name":"(anonymous_0)","decl":{"start":{"line":3,"column":20},"end":{"line":3,"column":21}},"loc":{"start":{"line":3,"column":31},"end":{"line":15,"column":1}},"line":3},"1":{"name":"(anonymous_1)","decl":{"start":{"line":8,"column":33},"end":{"line":8,"column":34}},"loc":{"start":{"line":8,"column":39},"end":{"line":12,"column":5}},"line":8},"2":{"name":"(anonymous_2)","decl":{"start":{"line":17,"column":25},"end":{"line":17,"column":26}},"loc":{"start":{"line":22,"column":5},"end":{"line":43,"column":1}},"line":22},"3":{"name":"(anonymous_3)","decl":{"start":{"line":45,"column":28},"end":{"line":45,"column":29}},"loc":{"start":{"line":45,"column":38},"end":{"line":45,"column":77}},"line":45},"4":{"name":"(anonymous_4)","decl":{"start":{"line":45,"column":49},"end":{"line":45,"column":50}},"loc":{"start":{"line":45,"column":58},"end":{"line":45,"column":76}},"line":45},"5":{"name":"(anonymous_5)","decl":{"start":{"line":46,"column":28},"end":{"line":46,"column":29}},"loc":{"start":{"line":47,"column":2},"end":{"line":53,"column":10}},"line":47},"6":{"name":"(anonymous_6)","decl":{"start":{"line":48,"column":17},"end":{"line":48,"column":18}},"loc":{"start":{"line":48,"column":28},"end":{"line":52,"column":7}},"line":48},"7":{"name":"(anonymous_7)","decl":{"start":{"line":55,"column":22},"end":{"line":55,"column":23}},"loc":{"start":{"line":55,"column":33},"end":{"line":63,"column":1}},"line":55},"8":{"name":"(anonymous_8)","decl":{"start":{"line":65,"column":27},"end":{"line":65,"column":28}},"loc":{"start":{"line":65,"column":39},"end":{"line":80,"column":1}},"line":65},"9":{"name":"(anonymous_9)","decl":{"start":{"line":82,"column":34},"end":{"line":82,"column":35}},"loc":{"start":{"line":82,"column":52},"end":{"line":84,"column":1}},"line":82},"10":{"name":"(anonymous_10)","decl":{"start":{"line":86,"column":27},"end":{"line":86,"column":28}},"loc":{"start":{"line":86,"column":39},"end":{"line":101,"column":1}},"line":86},"11":{"name":"(anonymous_11)","decl":{"start":{"line":103,"column":20},"end":{"line":103,"column":21}},"loc":{"start":{"line":103,"column":41},"end":{"line":118,"column":1}},"line":103},"12":{"name":"(anonymous_12)","decl":{"start":{"line":109,"column":35},"end":{"line":109,"column":36}},"loc":{"start":{"line":109,"column":41},"end":{"line":113,"column":7}},"line":109},"13":{"name":"(anonymous_13)","decl":{"start":{"line":120,"column":27},"end":{"line":120,"column":28}},"loc":{"start":{"line":125,"column":5},"end":{"line":180,"column":1}},"line":125}},"branchMap":{"0":{"loc":{"start":{"line":18,"column":2},"end":{"line":18,"column":12}},"type":"default-arg","locations":[{"start":{"line":18,"column":8},"end":{"line":18,"column":12}}],"line":18},"1":{"loc":{"start":{"line":19,"column":2},"end":{"line":19,"column":25}},"type":"default-arg","locations":[{"start":{"line":19,"column":9},"end":{"line":19,"column":25}}],"line":19},"2":{"loc":{"start":{"line":20,"column":2},"end":{"line":20,"column":20}},"type":"default-arg","locations":[{"start":{"line":20,"column":14},"end":{"line":20,"column":20}}],"line":20},"3":{"loc":{"start":{"line":21,"column":2},"end":{"line":21,"column":12}},"type":"default-arg","locations":[{"start":{"line":21,"column":10},"end":{"line":21,"column":12}}],"line":21},"4":{"loc":{"start":{"line":23,"column":2},"end":{"line":34,"column":3}},"type":"if","locations":[{"start":{"line":23,"column":2},"end":{"line":34,"column":3}},{"start":{"line":23,"column":2},"end":{"line":34,"column":3}}],"line":23},"5":{"loc":{"start":{"line":37,"column":2},"end":{"line":40,"column":3}},"type":"if","locations":[{"start":{"line":37,"column":2},"end":{"line":40,"column":3}},{"start":{"line":37,"column":2},"end":{"line":40,"column":3}}],"line":37},"6":{"loc":{"start":{"line":47,"column":2},"end":{"line":53,"column":10}},"type":"cond-expr","locations":[{"start":{"line":48,"column":6},"end":{"line":52,"column":9}},{"start":{"line":53,"column":6},"end":{"line":53,"column":10}}],"line":47},"7":{"loc":{"start":{"line":59,"column":12},"end":{"line":59,"column":67}},"type":"cond-expr","locations":[{"start":{"line":59,"column":28},"end":{"line":59,"column":62}},{"start":{"line":59,"column":65},"end":{"line":59,"column":67}}],"line":59},"8":{"loc":{"start":{"line":60,"column":12},"end":{"line":60,"column":67}},"type":"cond-expr","locations":[{"start":{"line":60,"column":28},"end":{"line":60,"column":62}},{"start":{"line":60,"column":65},"end":{"line":60,"column":67}}],"line":60},"9":{"loc":{"start":{"line":74,"column":2},"end":{"line":77,"column":3}},"type":"if","locations":[{"start":{"line":74,"column":2},"end":{"line":77,"column":3}},{"start":{"line":74,"column":2},"end":{"line":77,"column":3}}],"line":74},"10":{"loc":{"start":{"line":95,"column":2},"end":{"line":98,"column":3}},"type":"if","locations":[{"start":{"line":95,"column":2},"end":{"line":98,"column":3}},{"start":{"line":95,"column":2},"end":{"line":98,"column":3}}],"line":95},"11":{"loc":{"start":{"line":104,"column":2},"end":{"line":117,"column":3}},"type":"if","locations":[{"start":{"line":104,"column":2},"end":{"line":117,"column":3}},{"start":{"line":104,"column":2},"end":{"line":117,"column":3}}],"line":104},"12":{"loc":{"start":{"line":104,"column":6},"end":{"line":104,"column":48}},"type":"binary-expr","locations":[{"start":{"line":104,"column":6},"end":{"line":104,"column":25}},{"start":{"line":104,"column":29},"end":{"line":104,"column":48}}],"line":104},"13":{"loc":{"start":{"line":105,"column":18},"end":{"line":105,"column":63}},"type":"cond-expr","locations":[{"start":{"line":105,"column":40},"end":{"line":105,"column":53}},{"start":{"line":105,"column":56},"end":{"line":105,"column":63}}],"line":105},"14":{"loc":{"start":{"line":106,"column":15},"end":{"line":106,"column":58}},"type":"cond-expr","locations":[{"start":{"line":106,"column":37},"end":{"line":106,"column":41}},{"start":{"line":106,"column":44},"end":{"line":106,"column":58}}],"line":106},"15":{"loc":{"start":{"line":111,"column":21},"end":{"line":111,"column":42}},"type":"binary-expr","locations":[{"start":{"line":111,"column":21},"end":{"line":111,"column":34}},{"start":{"line":111,"column":38},"end":{"line":111,"column":42}}],"line":111},"16":{"loc":{"start":{"line":121,"column":2},"end":{"line":121,"column":12}},"type":"default-arg","locations":[{"start":{"line":121,"column":8},"end":{"line":121,"column":12}}],"line":121},"17":{"loc":{"start":{"line":123,"column":2},"end":{"line":123,"column":13}},"type":"default-arg","locations":[{"start":{"line":123,"column":9},"end":{"line":123,"column":13}}],"line":123},"18":{"loc":{"start":{"line":124,"column":2},"end":{"line":124,"column":15}},"type":"default-arg","locations":[{"start":{"line":124,"column":11},"end":{"line":124,"column":15}}],"line":124},"19":{"loc":{"start":{"line":126,"column":2},"end":{"line":171,"column":3}},"type":"if","locations":[{"start":{"line":126,"column":2},"end":{"line":171,"column":3}},{"start":{"line":126,"column":2},"end":{"line":171,"column":3}}],"line":126},"20":{"loc":{"start":{"line":130,"column":22},"end":{"line":130,"column":43}},"type":"cond-expr","locations":[{"start":{"line":130,"column":29},"end":{"line":130,"column":35}},{"start":{"line":130,"column":38},"end":{"line":130,"column":43}}],"line":130},"21":{"loc":{"start":{"line":132,"column":4},"end":{"line":152,"column":5}},"type":"switch","locations":[{"start":{"line":133,"column":6},"end":{"line":136,"column":14}},{"start":{"line":137,"column":6},"end":{"line":141,"column":14}},{"start":{"line":142,"column":6},"end":{"line":144,"column":14}},{"start":{"line":145,"column":6},"end":{"line":148,"column":14}},{"start":{"line":149,"column":6},"end":{"line":151,"column":14}}],"line":132},"22":{"loc":{"start":{"line":154,"column":4},"end":{"line":157,"column":5}},"type":"if","locations":[{"start":{"line":154,"column":4},"end":{"line":157,"column":5}},{"start":{"line":154,"column":4},"end":{"line":157,"column":5}}],"line":154},"23":{"loc":{"start":{"line":155,"column":6},"end":{"line":156,"column":43}},"type":"if","locations":[{"start":{"line":155,"column":6},"end":{"line":156,"column":43}},{"start":{"line":155,"column":6},"end":{"line":156,"column":43}}],"line":155},"24":{"loc":{"start":{"line":168,"column":4},"end":{"line":170,"column":5}},"type":"if","locations":[{"start":{"line":168,"column":4},"end":{"line":170,"column":5}},{"start":{"line":168,"column":4},"end":{"line":170,"column":5}}],"line":168},"25":{"loc":{"start":{"line":174,"column":2},"end":{"line":177,"column":3}},"type":"if","locations":[{"start":{"line":174,"column":2},"end":{"line":177,"column":3}},{"start":{"line":174,"column":2},"end":{"line":177,"column":3}}],"line":174}},"s":{"0":2,"1":2,"2":0,"3":0,"4":0,"5":2,"6":0,"7":0,"8":0,"9":0,"10":0,"11":0,"12":0,"13":0,"14":0,"15":2,"16":0,"17":0,"18":2,"19":0,"20":0,"21":2,"22":0,"23":0,"24":0,"25":2,"26":0,"27":0,"28":0,"29":0,"30":0,"31":0,"32":0,"33":0,"34":2,"35":0,"36":2,"37":0,"38":0,"39":0,"40":0,"41":0,"42":0,"43":0,"44":0,"45":2,"46":0,"47":0,"48":0,"49":0,"50":0,"51":0,"52":2,"53":0,"54":0,"55":0,"56":0,"57":0,"58":0,"59":0,"60":0,"61":0,"62":0,"63":0,"64":0,"65":0,"66":0,"67":0,"68":0,"69":0,"70":0,"71":0,"72":0,"73":0,"74":0,"75":0,"76":0,"77":0,"78":0,"79":0,"80":0,"81":0,"82":0,"83":0,"84":0},"f":{"0":0,"1":0,"2":0,"3":0,"4":0,"5":0,"6":0,"7":0,"8":0,"9":0,"10":0,"11":0,"12":0,"13":0},"b":{"0":[0],"1":[0],"2":[0],"3":[0],"4":[0,0],"5":[0,0],"6":[0,0],"7":[0,0],"8":[0,0],"9":[0,0],"10":[0,0],"11":[0,0],"12":[0,0],"13":[0,0],"14":[0,0],"15":[0,0],"16":[0],"17":[0],"18":[0],"19":[0,0],"20":[0,0],"21":[0,0,0,0,0],"22":[0,0],"23":[0,0],"24":[0,0],"25":[0,0]},"_coverageSchema":"43e27e138ebf9cfc5966b082cf9a028302ed4184","hash":"8d89272e6185cdb74616c7e8b7707c57d4bf1fe8"}
,"/Users/pedrober/repositories/cs50-mobile/project3-final/final-project/src/components/TabBarIcon.js": {"path":"/Users/pedrober/repositories/cs50-mobile/project3-final/final-project/src/components/TabBarIcon.js","statementMap":{"0":{"start":{"line":5,"column":19},"end":{"line":9,"column":1}},"1":{"start":{"line":6,"column":2},"end":{"line":8,"column":9}},"2":{"start":{"line":11,"column":15},"end":{"line":18,"column":2}}},"fnMap":{"0":{"name":"(anonymous_0)","decl":{"start":{"line":5,"column":19},"end":{"line":5,"column":20}},"loc":{"start":{"line":6,"column":2},"end":{"line":8,"column":9}},"line":6}},"branchMap":{"0":{"loc":{"start":{"line":7,"column":16},"end":{"line":7,"column":33}},"type":"cond-expr","locations":[{"start":{"line":7,"column":26},"end":{"line":7,"column":28}},{"start":{"line":7,"column":31},"end":{"line":7,"column":33}}],"line":7}},"s":{"0":0,"1":0,"2":0},"f":{"0":0},"b":{"0":[0,0]},"hash":"feecf09380df15289280482d2becb41289a7bd75"}
,"/Users/pedrober/repositories/cs50-mobile/project3-final/final-project/src/constants/theme.js": {"path":"/Users/pedrober/repositories/cs50-mobile/project3-final/final-project/src/constants/theme.js","statementMap":{"0":{"start":{"line":3,"column":14},"end":{"line":12,"column":1}}},"fnMap":{},"branchMap":{},"s":{"0":0},"f":{},"b":{},"hash":"a31a1d495e2a4953e781129e0c9a33af1cd824a0"}
,"/Users/pedrober/repositories/cs50-mobile/project3-final/final-project/src/navigation/AppNavigator.js": {"path":"/Users/pedrober/repositories/cs50-mobile/project3-final/final-project/src/navigation/AppNavigator.js","statementMap":{"0":{"start":{"line":11,"column":18},"end":{"line":28,"column":1}}},"fnMap":{},"branchMap":{},"s":{"0":0},"f":{},"b":{},"hash":"d01b4c445cd25ac6b950ede84f2f3946067ec153"}
,"/Users/pedrober/repositories/cs50-mobile/project3-final/final-project/src/navigation/MainTabNavigator.js": {"path":"/Users/pedrober/repositories/cs50-mobile/project3-final/final-project/src/navigation/MainTabNavigator.js","statementMap":{"0":{"start":{"line":14,"column":21},"end":{"line":21,"column":1}},"1":{"start":{"line":15,"column":2},"end":{"line":20,"column":4}},"2":{"start":{"line":19,"column":25},"end":{"line":19,"column":50}},"3":{"start":{"line":23,"column":20},"end":{"line":36,"column":1}},"4":{"start":{"line":24,"column":2},"end":{"line":35,"column":3}},"5":{"start":{"line":26,"column":6},"end":{"line":26,"column":28}},"6":{"start":{"line":28,"column":6},"end":{"line":28,"column":33}},"7":{"start":{"line":30,"column":6},"end":{"line":30,"column":31}},"8":{"start":{"line":32,"column":6},"end":{"line":32,"column":29}},"9":{"start":{"line":34,"column":6},"end":{"line":34,"column":18}},"10":{"start":{"line":38,"column":25},"end":{"line":60,"column":1}},"11":{"start":{"line":39,"column":28},"end":{"line":47,"column":4}},"12":{"start":{"line":49,"column":2},"end":{"line":59,"column":4}},"13":{"start":{"line":55,"column":30},"end":{"line":55,"column":59}},"14":{"start":{"line":62,"column":15},"end":{"line":75,"column":2}}},"fnMap":{"0":{"name":"(anonymous_0)","decl":{"start":{"line":14,"column":21},"end":{"line":14,"column":22}},"loc":{"start":{"line":15,"column":2},"end":{"line":20,"column":4}},"line":15},"1":{"name":"(anonymous_1)","decl":{"start":{"line":19,"column":16},"end":{"line":19,"column":17}},"loc":{"start":{"line":19,"column":25},"end":{"line":19,"column":50}},"line":19},"2":{"name":"(anonymous_2)","decl":{"start":{"line":23,"column":20},"end":{"line":23,"column":21}},"loc":{"start":{"line":23,"column":35},"end":{"line":36,"column":1}},"line":23},"3":{"name":"(anonymous_3)","decl":{"start":{"line":38,"column":25},"end":{"line":38,"column":26}},"loc":{"start":{"line":38,"column":34},"end":{"line":60,"column":1}},"line":38},"4":{"name":"(anonymous_4)","decl":{"start":{"line":55,"column":21},"end":{"line":55,"column":22}},"loc":{"start":{"line":55,"column":30},"end":{"line":55,"column":59}},"line":55}},"branchMap":{"0":{"loc":{"start":{"line":24,"column":2},"end":{"line":35,"column":3}},"type":"switch","locations":[{"start":{"line":25,"column":4},"end":{"line":26,"column":28}},{"start":{"line":27,"column":4},"end":{"line":28,"column":33}},{"start":{"line":29,"column":4},"end":{"line":30,"column":31}},{"start":{"line":31,"column":4},"end":{"line":32,"column":29}},{"start":{"line":33,"column":4},"end":{"line":34,"column":18}}],"line":24}},"s":{"0":0,"1":0,"2":0,"3":0,"4":0,"5":0,"6":0,"7":0,"8":0,"9":0,"10":0,"11":0,"12":0,"13":0,"14":0},"f":{"0":0,"1":0,"2":0,"3":0,"4":0},"b":{"0":[0,0,0,0,0]},"hash":"efc732e33702f3cd45ad80f9667da36c75b1feb4"}
,"/Users/pedrober/repositories/cs50-mobile/project3-final/final-project/src/store/index.js": {"path":"/Users/pedrober/repositories/cs50-mobile/project3-final/final-project/src/store/index.js","statementMap":{"0":{"start":{"line":8,"column":22},"end":{"line":14,"column":1}},"1":{"start":{"line":16,"column":25},"end":{"line":16,"column":63}},"2":{"start":{"line":18,"column":21},"end":{"line":22,"column":1}},"3":{"start":{"line":24,"column":25},"end":{"line":24,"column":44}}},"fnMap":{},"branchMap":{},"s":{"0":0,"1":0,"2":0,"3":0},"f":{},"b":{},"hash":"2ba2c977404e4e89dfdb212bd4a496c15ff11639"}
,"/Users/pedrober/repositories/cs50-mobile/project3-final/final-project/src/store/actions/details.js": {"path":"/Users/pedrober/repositories/cs50-mobile/project3-final/final-project/src/store/actions/details.js","statementMap":{"0":{"start":{"line":6,"column":34},"end":{"line":6,"column":54}},"1":{"start":{"line":7,"column":39},"end":{"line":7,"column":64}},"2":{"start":{"line":8,"column":38},"end":{"line":8,"column":62}},"3":{"start":{"line":9,"column":29},"end":{"line":9,"column":44}},"4":{"start":{"line":13,"column":26},"end":{"line":25,"column":1}},"5":{"start":{"line":13,"column":32},"end":{"line":25,"column":1}},"6":{"start":{"line":14,"column":2},"end":{"line":14,"column":41}},"7":{"start":{"line":15,"column":2},"end":{"line":24,"column":3}},"8":{"start":{"line":16,"column":20},"end":{"line":16,"column":41}},"9":{"start":{"line":18,"column":4},"end":{"line":21,"column":7}},"10":{"start":{"line":23,"column":4},"end":{"line":23,"column":69}},"11":{"start":{"line":27,"column":28},"end":{"line":27,"column":59}},"12":{"start":{"line":27,"column":35},"end":{"line":27,"column":58}}},"fnMap":{"0":{"name":"(anonymous_0)","decl":{"start":{"line":13,"column":26},"end":{"line":13,"column":27}},"loc":{"start":{"line":13,"column":32},"end":{"line":25,"column":1}},"line":13},"1":{"name":"(anonymous_1)","decl":{"start":{"line":13,"column":32},"end":{"line":13,"column":33}},"loc":{"start":{"line":13,"column":50},"end":{"line":25,"column":1}},"line":13},"2":{"name":"(anonymous_2)","decl":{"start":{"line":27,"column":28},"end":{"line":27,"column":29}},"loc":{"start":{"line":27,"column":35},"end":{"line":27,"column":58}},"line":27}},"branchMap":{},"s":{"0":0,"1":0,"2":0,"3":0,"4":0,"5":0,"6":0,"7":0,"8":0,"9":0,"10":0,"11":0,"12":0},"f":{"0":0,"1":0,"2":0},"b":{},"hash":"b1002072ae69848d835d93815b6230c54f69af61"}
,"/Users/pedrober/repositories/cs50-mobile/project3-final/final-project/src/store/actions/explore.js": {"path":"/Users/pedrober/repositories/cs50-mobile/project3-final/final-project/src/store/actions/explore.js","statementMap":{"0":{"start":{"line":6,"column":34},"end":{"line":6,"column":54}},"1":{"start":{"line":7,"column":39},"end":{"line":7,"column":64}},"2":{"start":{"line":8,"column":38},"end":{"line":8,"column":62}},"3":{"start":{"line":9,"column":25},"end":{"line":9,"column":36}},"4":{"start":{"line":10,"column":26},"end":{"line":10,"column":38}},"5":{"start":{"line":11,"column":36},"end":{"line":11,"column":58}},"6":{"start":{"line":12,"column":41},"end":{"line":12,"column":68}},"7":{"start":{"line":13,"column":40},"end":{"line":13,"column":66}},"8":{"start":{"line":14,"column":37},"end":{"line":14,"column":60}},"9":{"start":{"line":18,"column":26},"end":{"line":38,"column":1}},"10":{"start":{"line":23,"column":5},"end":{"line":38,"column":1}},"11":{"start":{"line":24,"column":2},"end":{"line":24,"column":41}},"12":{"start":{"line":25,"column":2},"end":{"line":37,"column":3}},"13":{"start":{"line":26,"column":20},"end":{"line":26,"column":56}},"14":{"start":{"line":28,"column":4},"end":{"line":31,"column":7}},"15":{"start":{"line":33,"column":4},"end":{"line":36,"column":7}},"16":{"start":{"line":40,"column":24},"end":{"line":48,"column":1}},"17":{"start":{"line":40,"column":33},"end":{"line":48,"column":1}},"18":{"start":{"line":41,"column":2},"end":{"line":47,"column":3}},"19":{"start":{"line":42,"column":4},"end":{"line":42,"column":34}},"20":{"start":{"line":44,"column":29},"end":{"line":44,"column":34}},"21":{"start":{"line":45,"column":4},"end":{"line":45,"column":35}},"22":{"start":{"line":46,"column":4},"end":{"line":46,"column":46}},"23":{"start":{"line":50,"column":20},"end":{"line":74,"column":1}},"24":{"start":{"line":50,"column":40},"end":{"line":74,"column":1}},"25":{"start":{"line":51,"column":18},"end":{"line":57,"column":3}},"26":{"start":{"line":58,"column":15},"end":{"line":58,"column":41}},"27":{"start":{"line":59,"column":19},"end":{"line":59,"column":37}},"28":{"start":{"line":61,"column":2},"end":{"line":73,"column":3}},"29":{"start":{"line":62,"column":4},"end":{"line":62,"column":78}},"30":{"start":{"line":63,"column":9},"end":{"line":73,"column":3}},"31":{"start":{"line":64,"column":4},"end":{"line":67,"column":7}},"32":{"start":{"line":69,"column":4},"end":{"line":72,"column":7}},"33":{"start":{"line":76,"column":18},"end":{"line":94,"column":1}},"34":{"start":{"line":76,"column":49},"end":{"line":94,"column":1}},"35":{"start":{"line":77,"column":2},"end":{"line":77,"column":43}},"36":{"start":{"line":79,"column":2},"end":{"line":85,"column":3}},"37":{"start":{"line":80,"column":4},"end":{"line":82,"column":54}},"38":{"start":{"line":84,"column":4},"end":{"line":84,"column":71}},"39":{"start":{"line":86,"column":2},"end":{"line":93,"column":3}},"40":{"start":{"line":87,"column":4},"end":{"line":87,"column":78}},"41":{"start":{"line":89,"column":4},"end":{"line":92,"column":7}},"42":{"start":{"line":96,"column":22},"end":{"line":107,"column":1}},"43":{"start":{"line":101,"column":5},"end":{"line":107,"column":1}},"44":{"start":{"line":102,"column":2},"end":{"line":106,"column":3}},"45":{"start":{"line":103,"column":4},"end":{"line":103,"column":42}},"46":{"start":{"line":105,"column":4},"end":{"line":105,"column":44}},"47":{"start":{"line":109,"column":27},"end":{"line":109,"column":66}},"48":{"start":{"line":109,"column":34},"end":{"line":109,"column":65}}},"fnMap":{"0":{"name":"(anonymous_0)","decl":{"start":{"line":18,"column":26},"end":{"line":18,"column":27}},"loc":{"start":{"line":23,"column":5},"end":{"line":38,"column":1}},"line":23},"1":{"name":"(anonymous_1)","decl":{"start":{"line":23,"column":5},"end":{"line":23,"column":6}},"loc":{"start":{"line":23,"column":23},"end":{"line":38,"column":1}},"line":23},"2":{"name":"(anonymous_2)","decl":{"start":{"line":40,"column":24},"end":{"line":40,"column":25}},"loc":{"start":{"line":40,"column":33},"end":{"line":48,"column":1}},"line":40},"3":{"name":"(anonymous_3)","decl":{"start":{"line":40,"column":33},"end":{"line":40,"column":34}},"loc":{"start":{"line":40,"column":45},"end":{"line":48,"column":1}},"line":40},"4":{"name":"(anonymous_4)","decl":{"start":{"line":50,"column":20},"end":{"line":50,"column":21}},"loc":{"start":{"line":50,"column":40},"end":{"line":74,"column":1}},"line":50},"5":{"name":"(anonymous_5)","decl":{"start":{"line":50,"column":40},"end":{"line":50,"column":41}},"loc":{"start":{"line":50,"column":52},"end":{"line":74,"column":1}},"line":50},"6":{"name":"(anonymous_6)","decl":{"start":{"line":76,"column":18},"end":{"line":76,"column":19}},"loc":{"start":{"line":76,"column":49},"end":{"line":94,"column":1}},"line":76},"7":{"name":"(anonymous_7)","decl":{"start":{"line":76,"column":49},"end":{"line":76,"column":50}},"loc":{"start":{"line":76,"column":67},"end":{"line":94,"column":1}},"line":76},"8":{"name":"(anonymous_8)","decl":{"start":{"line":96,"column":22},"end":{"line":96,"column":23}},"loc":{"start":{"line":101,"column":5},"end":{"line":107,"column":1}},"line":101},"9":{"name":"(anonymous_9)","decl":{"start":{"line":101,"column":5},"end":{"line":101,"column":6}},"loc":{"start":{"line":101,"column":23},"end":{"line":107,"column":1}},"line":101},"10":{"name":"(anonymous_10)","decl":{"start":{"line":109,"column":27},"end":{"line":109,"column":28}},"loc":{"start":{"line":109,"column":34},"end":{"line":109,"column":65}},"line":109}},"branchMap":{"0":{"loc":{"start":{"line":20,"column":2},"end":{"line":20,"column":12}},"type":"default-arg","locations":[{"start":{"line":20,"column":8},"end":{"line":20,"column":12}}],"line":20},"1":{"loc":{"start":{"line":21,"column":2},"end":{"line":21,"column":14}},"type":"default-arg","locations":[{"start":{"line":21,"column":9},"end":{"line":21,"column":14}}],"line":21},"2":{"loc":{"start":{"line":22,"column":2},"end":{"line":22,"column":16}},"type":"default-arg","locations":[{"start":{"line":22,"column":11},"end":{"line":22,"column":16}}],"line":22},"3":{"loc":{"start":{"line":29,"column":12},"end":{"line":29,"column":72}},"type":"cond-expr","locations":[{"start":{"line":29,"column":21},"end":{"line":29,"column":46}},{"start":{"line":29,"column":49},"end":{"line":29,"column":72}}],"line":29},"4":{"loc":{"start":{"line":34,"column":12},"end":{"line":34,"column":70}},"type":"cond-expr","locations":[{"start":{"line":34,"column":21},"end":{"line":34,"column":45}},{"start":{"line":34,"column":48},"end":{"line":34,"column":70}}],"line":34},"5":{"loc":{"start":{"line":41,"column":2},"end":{"line":47,"column":3}},"type":"if","locations":[{"start":{"line":41,"column":2},"end":{"line":47,"column":3}},{"start":{"line":41,"column":2},"end":{"line":47,"column":3}}],"line":41},"6":{"loc":{"start":{"line":61,"column":2},"end":{"line":73,"column":3}},"type":"if","locations":[{"start":{"line":61,"column":2},"end":{"line":73,"column":3}},{"start":{"line":61,"column":2},"end":{"line":73,"column":3}}],"line":61},"7":{"loc":{"start":{"line":63,"column":9},"end":{"line":73,"column":3}},"type":"if","locations":[{"start":{"line":63,"column":9},"end":{"line":73,"column":3}},{"start":{"line":63,"column":9},"end":{"line":73,"column":3}}],"line":63},"8":{"loc":{"start":{"line":76,"column":34},"end":{"line":76,"column":44}},"type":"default-arg","locations":[{"start":{"line":76,"column":40},"end":{"line":76,"column":44}}],"line":76},"9":{"loc":{"start":{"line":80,"column":14},"end":{"line":82,"column":53}},"type":"cond-expr","locations":[{"start":{"line":81,"column":8},"end":{"line":81,"column":28}},{"start":{"line":82,"column":8},"end":{"line":82,"column":53}}],"line":80},"10":{"loc":{"start":{"line":86,"column":2},"end":{"line":93,"column":3}},"type":"if","locations":[{"start":{"line":86,"column":2},"end":{"line":93,"column":3}},{"start":{"line":86,"column":2},"end":{"line":93,"column":3}}],"line":86},"11":{"loc":{"start":{"line":97,"column":2},"end":{"line":97,"column":12}},"type":"default-arg","locations":[{"start":{"line":97,"column":10},"end":{"line":97,"column":12}}],"line":97},"12":{"loc":{"start":{"line":99,"column":2},"end":{"line":99,"column":16}},"type":"default-arg","locations":[{"start":{"line":99,"column":12},"end":{"line":99,"column":16}}],"line":99},"13":{"loc":{"start":{"line":100,"column":2},"end":{"line":100,"column":12}},"type":"default-arg","locations":[{"start":{"line":100,"column":8},"end":{"line":100,"column":12}}],"line":100},"14":{"loc":{"start":{"line":102,"column":2},"end":{"line":106,"column":3}},"type":"if","locations":[{"start":{"line":102,"column":2},"end":{"line":106,"column":3}},{"start":{"line":102,"column":2},"end":{"line":106,"column":3}}],"line":102}},"s":{"0":0,"1":0,"2":0,"3":0,"4":0,"5":0,"6":0,"7":0,"8":0,"9":0,"10":0,"11":0,"12":0,"13":0,"14":0,"15":0,"16":0,"17":0,"18":0,"19":0,"20":0,"21":0,"22":0,"23":0,"24":0,"25":0,"26":0,"27":0,"28":0,"29":0,"30":0,"31":0,"32":0,"33":0,"34":0,"35":0,"36":0,"37":0,"38":0,"39":0,"40":0,"41":0,"42":0,"43":0,"44":0,"45":0,"46":0,"47":0,"48":0},"f":{"0":0,"1":0,"2":0,"3":0,"4":0,"5":0,"6":0,"7":0,"8":0,"9":0,"10":0},"b":{"0":[0],"1":[0],"2":[0],"3":[0,0],"4":[0,0],"5":[0,0],"6":[0,0],"7":[0,0],"8":[0],"9":[0,0],"10":[0,0],"11":[0],"12":[0],"13":[0],"14":[0,0]},"hash":"46223fab90dcbbddff7292b3b80aea260240c512"}
,"/Users/pedrober/repositories/cs50-mobile/project3-final/final-project/src/store/actions/favorites.js": {"path":"/Users/pedrober/repositories/cs50-mobile/project3-final/final-project/src/store/actions/favorites.js","statementMap":{"0":{"start":{"line":1,"column":31},"end":{"line":1,"column":48}},"1":{"start":{"line":2,"column":37},"end":{"line":2,"column":60}},"2":{"start":{"line":3,"column":43},"end":{"line":3,"column":72}},"3":{"start":{"line":5,"column":30},"end":{"line":8,"column":2}},"4":{"start":{"line":5,"column":41},"end":{"line":8,"column":1}},"5":{"start":{"line":10,"column":35},"end":{"line":10,"column":74}},"6":{"start":{"line":10,"column":42},"end":{"line":10,"column":73}},"7":{"start":{"line":12,"column":31},"end":{"line":15,"column":2}},"8":{"start":{"line":12,"column":41},"end":{"line":15,"column":1}}},"fnMap":{"0":{"name":"(anonymous_0)","decl":{"start":{"line":5,"column":30},"end":{"line":5,"column":31}},"loc":{"start":{"line":5,"column":41},"end":{"line":8,"column":1}},"line":5},"1":{"name":"(anonymous_1)","decl":{"start":{"line":10,"column":35},"end":{"line":10,"column":36}},"loc":{"start":{"line":10,"column":42},"end":{"line":10,"column":73}},"line":10},"2":{"name":"(anonymous_2)","decl":{"start":{"line":12,"column":31},"end":{"line":12,"column":32}},"loc":{"start":{"line":12,"column":41},"end":{"line":15,"column":1}},"line":12}},"branchMap":{},"s":{"0":0,"1":0,"2":0,"3":0,"4":0,"5":0,"6":0,"7":0,"8":0},"f":{"0":0,"1":0,"2":0},"b":{},"hash":"1b3fa033fafff37ad191954f0f96c9079aeb8fe3"}
,"/Users/pedrober/repositories/cs50-mobile/project3-final/final-project/src/store/actions/feed.js": {"path":"/Users/pedrober/repositories/cs50-mobile/project3-final/final-project/src/store/actions/feed.js","statementMap":{"0":{"start":{"line":5,"column":32},"end":{"line":5,"column":50}},"1":{"start":{"line":6,"column":37},"end":{"line":6,"column":60}},"2":{"start":{"line":7,"column":36},"end":{"line":7,"column":58}},"3":{"start":{"line":8,"column":32},"end":{"line":8,"column":50}},"4":{"start":{"line":9,"column":33},"end":{"line":9,"column":52}},"5":{"start":{"line":10,"column":34},"end":{"line":10,"column":54}},"6":{"start":{"line":11,"column":25},"end":{"line":11,"column":36}},"7":{"start":{"line":15,"column":27},"end":{"line":28,"column":1}},"8":{"start":{"line":15,"column":55},"end":{"line":28,"column":1}},"9":{"start":{"line":16,"column":2},"end":{"line":16,"column":41}},"10":{"start":{"line":17,"column":2},"end":{"line":27,"column":3}},"11":{"start":{"line":18,"column":20},"end":{"line":18,"column":65}},"12":{"start":{"line":19,"column":4},"end":{"line":24,"column":7}},"13":{"start":{"line":26,"column":4},"end":{"line":26,"column":67}},"14":{"start":{"line":30,"column":24},"end":{"line":43,"column":1}},"15":{"start":{"line":30,"column":57},"end":{"line":43,"column":1}},"16":{"start":{"line":31,"column":2},"end":{"line":31,"column":62}},"17":{"start":{"line":32,"column":2},"end":{"line":42,"column":3}},"18":{"start":{"line":33,"column":20},"end":{"line":33,"column":65}},"19":{"start":{"line":34,"column":4},"end":{"line":39,"column":7}},"20":{"start":{"line":41,"column":4},"end":{"line":41,"column":67}},"21":{"start":{"line":45,"column":30},"end":{"line":45,"column":64}},"22":{"start":{"line":45,"column":37},"end":{"line":45,"column":63}},"23":{"start":{"line":47,"column":31},"end":{"line":50,"column":2}},"24":{"start":{"line":47,"column":41},"end":{"line":50,"column":1}},"25":{"start":{"line":52,"column":24},"end":{"line":68,"column":1}},"26":{"start":{"line":52,"column":41},"end":{"line":68,"column":1}},"27":{"start":{"line":53,"column":2},"end":{"line":53,"column":39}},"28":{"start":{"line":54,"column":2},"end":{"line":67,"column":3}},"29":{"start":{"line":55,"column":20},"end":{"line":57,"column":62}},"30":{"start":{"line":59,"column":4},"end":{"line":64,"column":7}},"31":{"start":{"line":66,"column":4},"end":{"line":66,"column":67}}},"fnMap":{"0":{"name":"(anonymous_0)","decl":{"start":{"line":15,"column":27},"end":{"line":15,"column":28}},"loc":{"start":{"line":15,"column":55},"end":{"line":28,"column":1}},"line":15},"1":{"name":"(anonymous_1)","decl":{"start":{"line":15,"column":55},"end":{"line":15,"column":56}},"loc":{"start":{"line":15,"column":73},"end":{"line":28,"column":1}},"line":15},"2":{"name":"(anonymous_2)","decl":{"start":{"line":30,"column":24},"end":{"line":30,"column":25}},"loc":{"start":{"line":30,"column":57},"end":{"line":43,"column":1}},"line":30},"3":{"name":"(anonymous_3)","decl":{"start":{"line":30,"column":57},"end":{"line":30,"column":58}},"loc":{"start":{"line":30,"column":75},"end":{"line":43,"column":1}},"line":30},"4":{"name":"(anonymous_4)","decl":{"start":{"line":45,"column":30},"end":{"line":45,"column":31}},"loc":{"start":{"line":45,"column":37},"end":{"line":45,"column":63}},"line":45},"5":{"name":"(anonymous_5)","decl":{"start":{"line":47,"column":31},"end":{"line":47,"column":32}},"loc":{"start":{"line":47,"column":41},"end":{"line":50,"column":1}},"line":47},"6":{"name":"(anonymous_6)","decl":{"start":{"line":52,"column":24},"end":{"line":52,"column":25}},"loc":{"start":{"line":52,"column":41},"end":{"line":68,"column":1}},"line":52},"7":{"name":"(anonymous_7)","decl":{"start":{"line":52,"column":41},"end":{"line":52,"column":42}},"loc":{"start":{"line":52,"column":59},"end":{"line":68,"column":1}},"line":52}},"branchMap":{"0":{"loc":{"start":{"line":30,"column":42},"end":{"line":30,"column":52}},"type":"default-arg","locations":[{"start":{"line":30,"column":50},"end":{"line":30,"column":52}}],"line":30},"1":{"loc":{"start":{"line":55,"column":20},"end":{"line":57,"column":62}},"type":"cond-expr","locations":[{"start":{"line":56,"column":8},"end":{"line":56,"column":29}},{"start":{"line":57,"column":8},"end":{"line":57,"column":62}}],"line":55}},"s":{"0":2,"1":2,"2":2,"3":2,"4":2,"5":2,"6":2,"7":2,"8":2,"9":2,"10":2,"11":2,"12":1,"13":1,"14":2,"15":2,"16":2,"17":2,"18":2,"19":1,"20":1,"21":2,"22":0,"23":2,"24":3,"25":2,"26":3,"27":3,"28":3,"29":3,"30":2,"31":1},"f":{"0":2,"1":2,"2":2,"3":2,"4":0,"5":3,"6":3,"7":3},"b":{"0":[2],"1":[1,2]},"_coverageSchema":"43e27e138ebf9cfc5966b082cf9a028302ed4184","hash":"9ed9f472be3f3022fa0cf07ebc78a659a23b3cac"}
,"/Users/pedrober/repositories/cs50-mobile/project3-final/final-project/src/store/actions/person.js": {"path":"/Users/pedrober/repositories/cs50-mobile/project3-final/final-project/src/store/actions/person.js","statementMap":{"0":{"start":{"line":5,"column":34},"end":{"line":5,"column":54}},"1":{"start":{"line":6,"column":39},"end":{"line":6,"column":64}},"2":{"start":{"line":7,"column":38},"end":{"line":7,"column":62}},"3":{"start":{"line":8,"column":42},"end":{"line":8,"column":70}},"4":{"start":{"line":10,"column":2},"end":{"line":10,"column":35}},"5":{"start":{"line":11,"column":46},"end":{"line":11,"column":78}},"6":{"start":{"line":15,"column":26},"end":{"line":27,"column":1}},"7":{"start":{"line":15,"column":32},"end":{"line":27,"column":1}},"8":{"start":{"line":16,"column":2},"end":{"line":16,"column":41}},"9":{"start":{"line":17,"column":2},"end":{"line":26,"column":3}},"10":{"start":{"line":18,"column":20},"end":{"line":18,"column":41}},"11":{"start":{"line":20,"column":4},"end":{"line":23,"column":7}},"12":{"start":{"line":25,"column":4},"end":{"line":25,"column":69}},"13":{"start":{"line":29,"column":33},"end":{"line":45,"column":1}},"14":{"start":{"line":29,"column":47},"end":{"line":45,"column":1}},"15":{"start":{"line":30,"column":2},"end":{"line":30,"column":49}},"16":{"start":{"line":31,"column":2},"end":{"line":44,"column":3}},"17":{"start":{"line":33,"column":4},"end":{"line":37,"column":5}},"18":{"start":{"line":34,"column":6},"end":{"line":34,"column":38}},"19":{"start":{"line":36,"column":6},"end":{"line":36,"column":45}},"20":{"start":{"line":38,"column":4},"end":{"line":41,"column":7}},"21":{"start":{"line":43,"column":4},"end":{"line":43,"column":77}}},"fnMap":{"0":{"name":"(anonymous_0)","decl":{"start":{"line":15,"column":26},"end":{"line":15,"column":27}},"loc":{"start":{"line":15,"column":32},"end":{"line":27,"column":1}},"line":15},"1":{"name":"(anonymous_1)","decl":{"start":{"line":15,"column":32},"end":{"line":15,"column":33}},"loc":{"start":{"line":15,"column":50},"end":{"line":27,"column":1}},"line":15},"2":{"name":"(anonymous_2)","decl":{"start":{"line":29,"column":33},"end":{"line":29,"column":34}},"loc":{"start":{"line":29,"column":47},"end":{"line":45,"column":1}},"line":29},"3":{"name":"(anonymous_3)","decl":{"start":{"line":29,"column":47},"end":{"line":29,"column":48}},"loc":{"start":{"line":29,"column":65},"end":{"line":45,"column":1}},"line":29}},"branchMap":{"0":{"loc":{"start":{"line":33,"column":4},"end":{"line":37,"column":5}},"type":"if","locations":[{"start":{"line":33,"column":4},"end":{"line":37,"column":5}},{"start":{"line":33,"column":4},"end":{"line":37,"column":5}}],"line":33}},"s":{"0":0,"1":0,"2":0,"3":0,"4":0,"5":0,"6":0,"7":0,"8":0,"9":0,"10":0,"11":0,"12":0,"13":0,"14":0,"15":0,"16":0,"17":0,"18":0,"19":0,"20":0,"21":0},"f":{"0":0,"1":0,"2":0,"3":0},"b":{"0":[0,0]},"hash":"c53ccab70f9c3af9e1a11bf3a725119ecc7e497a"}
,"/Users/pedrober/repositories/cs50-mobile/project3-final/final-project/src/store/hooks/details.js": {"path":"/Users/pedrober/repositories/cs50-mobile/project3-final/final-project/src/store/hooks/details.js","statementMap":{"0":{"start":{"line":7,"column":28},"end":{"line":7,"column":71}},"1":{"start":{"line":9,"column":21},"end":{"line":9,"column":55}},"2":{"start":{"line":9,"column":27},"end":{"line":9,"column":55}},"3":{"start":{"line":11,"column":2},"end":{"line":16,"column":3}}},"fnMap":{"0":{"name":"useDetailsReducer","decl":{"start":{"line":6,"column":24},"end":{"line":6,"column":41}},"loc":{"start":{"line":6,"column":46},"end":{"line":17,"column":1}},"line":6},"1":{"name":"(anonymous_1)","decl":{"start":{"line":9,"column":21},"end":{"line":9,"column":22}},"loc":{"start":{"line":9,"column":27},"end":{"line":9,"column":55}},"line":9}},"branchMap":{},"s":{"0":0,"1":0,"2":0,"3":0},"f":{"0":0,"1":0},"b":{},"hash":"2cd8c6427f0669a6eed74397b0c4f8428ede2ec7"}
,"/Users/pedrober/repositories/cs50-mobile/project3-final/final-project/src/store/hooks/explore.js": {"path":"/Users/pedrober/repositories/cs50-mobile/project3-final/final-project/src/store/hooks/explore.js","statementMap":{"0":{"start":{"line":7,"column":28},"end":{"line":7,"column":76}},"1":{"start":{"line":9,"column":28},"end":{"line":9,"column":71}},"2":{"start":{"line":11,"column":19},"end":{"line":11,"column":53}},"3":{"start":{"line":11,"column":25},"end":{"line":11,"column":53}},"4":{"start":{"line":13,"column":23},"end":{"line":14,"column":58}},"5":{"start":{"line":14,"column":4},"end":{"line":14,"column":58}},"6":{"start":{"line":16,"column":25},"end":{"line":19,"column":3}},"7":{"start":{"line":17,"column":4},"end":{"line":17,"column":28}},"8":{"start":{"line":18,"column":4},"end":{"line":18,"column":77}},"9":{"start":{"line":21,"column":29},"end":{"line":23,"column":66}},"10":{"start":{"line":22,"column":4},"end":{"line":23,"column":66}},"11":{"start":{"line":25,"column":2},"end":{"line":33,"column":4}}},"fnMap":{"0":{"name":"useExploreReducer","decl":{"start":{"line":6,"column":24},"end":{"line":6,"column":41}},"loc":{"start":{"line":6,"column":50},"end":{"line":34,"column":1}},"line":6},"1":{"name":"(anonymous_1)","decl":{"start":{"line":11,"column":19},"end":{"line":11,"column":20}},"loc":{"start":{"line":11,"column":25},"end":{"line":11,"column":53}},"line":11},"2":{"name":"(anonymous_2)","decl":{"start":{"line":13,"column":23},"end":{"line":13,"column":24}},"loc":{"start":{"line":14,"column":4},"end":{"line":14,"column":58}},"line":14},"3":{"name":"(anonymous_3)","decl":{"start":{"line":16,"column":25},"end":{"line":16,"column":26}},"loc":{"start":{"line":16,"column":33},"end":{"line":19,"column":3}},"line":16},"4":{"name":"(anonymous_4)","decl":{"start":{"line":21,"column":29},"end":{"line":21,"column":30}},"loc":{"start":{"line":22,"column":4},"end":{"line":23,"column":66}},"line":22}},"branchMap":{"0":{"loc":{"start":{"line":14,"column":4},"end":{"line":14,"column":58}},"type":"binary-expr","locations":[{"start":{"line":14,"column":4},"end":{"line":14,"column":14}},{"start":{"line":14,"column":18},"end":{"line":14,"column":58}}],"line":14},"1":{"loc":{"start":{"line":18,"column":34},"end":{"line":18,"column":74}},"type":"cond-expr","locations":[{"start":{"line":18,"column":54},"end":{"line":18,"column":67}},{"start":{"line":18,"column":70},"end":{"line":18,"column":74}}],"line":18},"2":{"loc":{"start":{"line":22,"column":4},"end":{"line":23,"column":66}},"type":"binary-expr","locations":[{"start":{"line":22,"column":4},"end":{"line":22,"column":23}},{"start":{"line":23,"column":4},"end":{"line":23,"column":66}}],"line":22}},"s":{"0":0,"1":0,"2":0,"3":0,"4":0,"5":0,"6":0,"7":0,"8":0,"9":0,"10":0,"11":0},"f":{"0":0,"1":0,"2":0,"3":0,"4":0},"b":{"0":[0,0],"1":[0,0],"2":[0,0]},"hash":"2a14e3005d3f11e1f760a45ab8475c6836e501c4"}
,"/Users/pedrober/repositories/cs50-mobile/project3-final/final-project/src/store/hooks/feed.js": {"path":"/Users/pedrober/repositories/cs50-mobile/project3-final/final-project/src/store/hooks/feed.js","statementMap":{"0":{"start":{"line":13,"column":31},"end":{"line":24,"column":1}},"1":{"start":{"line":13,"column":63},"end":{"line":24,"column":1}},"2":{"start":{"line":14,"column":2},"end":{"line":23,"column":3}},"3":{"start":{"line":15,"column":26},"end":{"line":15,"column":59}},"4":{"start":{"line":15,"column":45},"end":{"line":15,"column":58}},"5":{"start":{"line":16,"column":4},"end":{"line":22,"column":5}},"6":{"start":{"line":17,"column":6},"end":{"line":19,"column":8}},"7":{"start":{"line":21,"column":6},"end":{"line":21,"column":56}},"8":{"start":{"line":27,"column":28},"end":{"line":30,"column":3}},"9":{"start":{"line":32,"column":20},"end":{"line":34,"column":4}},"10":{"start":{"line":32,"column":40},"end":{"line":32,"column":72}},"11":{"start":{"line":35,"column":23},"end":{"line":38,"column":3}},"12":{"start":{"line":36,"column":25},"end":{"line":36,"column":71}},"13":{"start":{"line":39,"column":26},"end":{"line":39,"column":75}},"14":{"start":{"line":39,"column":44},"end":{"line":39,"column":70}},"15":{"start":{"line":40,"column":20},"end":{"line":43,"column":3}},"16":{"start":{"line":41,"column":21},"end":{"line":41,"column":60}},"17":{"start":{"line":44,"column":27},"end":{"line":48,"column":3}},"18":{"start":{"line":46,"column":6},"end":{"line":46,"column":66}},"19":{"start":{"line":49,"column":24},"end":{"line":52,"column":3}},"20":{"start":{"line":50,"column":10},"end":{"line":50,"column":55}},"21":{"start":{"line":54,"column":2},"end":{"line":64,"column":4}}},"fnMap":{"0":{"name":"(anonymous_0)","decl":{"start":{"line":13,"column":31},"end":{"line":13,"column":32}},"loc":{"start":{"line":13,"column":63},"end":{"line":24,"column":1}},"line":13},"1":{"name":"(anonymous_1)","decl":{"start":{"line":13,"column":63},"end":{"line":13,"column":64}},"loc":{"start":{"line":13,"column":75},"end":{"line":24,"column":1}},"line":13},"2":{"name":"(anonymous_2)","decl":{"start":{"line":15,"column":39},"end":{"line":15,"column":40}},"loc":{"start":{"line":15,"column":45},"end":{"line":15,"column":58}},"line":15},"3":{"name":"useFeedReducer","decl":{"start":{"line":26,"column":24},"end":{"line":26,"column":38}},"loc":{"start":{"line":26,"column":47},"end":{"line":65,"column":1}},"line":26},"4":{"name":"(anonymous_4)","decl":{"start":{"line":32,"column":32},"end":{"line":32,"column":33}},"loc":{"start":{"line":32,"column":40},"end":{"line":32,"column":72}},"line":32},"5":{"name":"(anonymous_5)","decl":{"start":{"line":36,"column":4},"end":{"line":36,"column":5}},"loc":{"start":{"line":36,"column":25},"end":{"line":36,"column":71}},"line":36},"6":{"name":"(anonymous_6)","decl":{"start":{"line":39,"column":38},"end":{"line":39,"column":39}},"loc":{"start":{"line":39,"column":44},"end":{"line":39,"column":70}},"line":39},"7":{"name":"(anonymous_7)","decl":{"start":{"line":41,"column":4},"end":{"line":41,"column":5}},"loc":{"start":{"line":41,"column":21},"end":{"line":41,"column":60}},"line":41},"8":{"name":"(anonymous_8)","decl":{"start":{"line":45,"column":4},"end":{"line":45,"column":5}},"loc":{"start":{"line":46,"column":6},"end":{"line":46,"column":66}},"line":46},"9":{"name":"(anonymous_9)","decl":{"start":{"line":50,"column":4},"end":{"line":50,"column":5}},"loc":{"start":{"line":50,"column":10},"end":{"line":50,"column":55}},"line":50}},"branchMap":{"0":{"loc":{"start":{"line":14,"column":2},"end":{"line":23,"column":3}},"type":"if","locations":[{"start":{"line":14,"column":2},"end":{"line":23,"column":3}},{"start":{"line":14,"column":2},"end":{"line":23,"column":3}}],"line":14},"1":{"loc":{"start":{"line":16,"column":4},"end":{"line":22,"column":5}},"type":"if","locations":[{"start":{"line":16,"column":4},"end":{"line":22,"column":5}},{"start":{"line":16,"column":4},"end":{"line":22,"column":5}}],"line":16},"2":{"loc":{"start":{"line":50,"column":10},"end":{"line":50,"column":55}},"type":"binary-expr","locations":[{"start":{"line":50,"column":10},"end":{"line":50,"column":25}},{"start":{"line":50,"column":29},"end":{"line":50,"column":55}}],"line":50}},"s":{"0":0,"1":0,"2":0,"3":0,"4":0,"5":0,"6":0,"7":0,"8":0,"9":0,"10":0,"11":0,"12":0,"13":0,"14":0,"15":0,"16":0,"17":0,"18":0,"19":0,"20":0,"21":0},"f":{"0":0,"1":0,"2":0,"3":0,"4":0,"5":0,"6":0,"7":0,"8":0,"9":0},"b":{"0":[0,0],"1":[0,0],"2":[0,0]},"hash":"0ba77857fec4acda7788f09ec079ba373a30bcca"}
,"/Users/pedrober/repositories/cs50-mobile/project3-final/final-project/src/store/hooks/person.js": {"path":"/Users/pedrober/repositories/cs50-mobile/project3-final/final-project/src/store/hooks/person.js","statementMap":{"0":{"start":{"line":9,"column":28},"end":{"line":9,"column":76}},"1":{"start":{"line":11,"column":29},"end":{"line":11,"column":66}},"2":{"start":{"line":11,"column":35},"end":{"line":11,"column":66}},"3":{"start":{"line":12,"column":22},"end":{"line":12,"column":52}},"4":{"start":{"line":12,"column":28},"end":{"line":12,"column":52}},"5":{"start":{"line":13,"column":23},"end":{"line":14,"column":77}},"6":{"start":{"line":14,"column":4},"end":{"line":14,"column":77}},"7":{"start":{"line":16,"column":2},"end":{"line":24,"column":4}}},"fnMap":{"0":{"name":"useDetailsReducer","decl":{"start":{"line":8,"column":24},"end":{"line":8,"column":41}},"loc":{"start":{"line":8,"column":46},"end":{"line":25,"column":1}},"line":8},"1":{"name":"(anonymous_1)","decl":{"start":{"line":11,"column":29},"end":{"line":11,"column":30}},"loc":{"start":{"line":11,"column":35},"end":{"line":11,"column":66}},"line":11},"2":{"name":"(anonymous_2)","decl":{"start":{"line":12,"column":22},"end":{"line":12,"column":23}},"loc":{"start":{"line":12,"column":28},"end":{"line":12,"column":52}},"line":12},"3":{"name":"(anonymous_3)","decl":{"start":{"line":13,"column":23},"end":{"line":13,"column":24}},"loc":{"start":{"line":14,"column":4},"end":{"line":14,"column":77}},"line":14}},"branchMap":{"0":{"loc":{"start":{"line":14,"column":4},"end":{"line":14,"column":77}},"type":"binary-expr","locations":[{"start":{"line":14,"column":4},"end":{"line":14,"column":22}},{"start":{"line":14,"column":26},"end":{"line":14,"column":77}}],"line":14}},"s":{"0":0,"1":0,"2":0,"3":0,"4":0,"5":0,"6":0,"7":0},"f":{"0":0,"1":0,"2":0,"3":0},"b":{"0":[0,0]},"hash":"5b6371a61f59d29af1a0f1a6bfe558f65b18255a"}
,"/Users/pedrober/repositories/cs50-mobile/project3-final/final-project/src/store/reducers/details.js": {"path":"/Users/pedrober/repositories/cs50-mobile/project3-final/final-project/src/store/reducers/details.js","statementMap":{"0":{"start":{"line":8,"column":35},"end":{"line":22,"column":1}},"1":{"start":{"line":24,"column":23},"end":{"line":54,"column":1}},"2":{"start":{"line":25,"column":2},"end":{"line":53,"column":3}},"3":{"start":{"line":27,"column":6},"end":{"line":27,"column":54}},"4":{"start":{"line":30,"column":6},"end":{"line":36,"column":8}},"5":{"start":{"line":39,"column":6},"end":{"line":44,"column":8}},"6":{"start":{"line":47,"column":6},"end":{"line":49,"column":8}},"7":{"start":{"line":52,"column":6},"end":{"line":52,"column":19}}},"fnMap":{"0":{"name":"(anonymous_0)","decl":{"start":{"line":24,"column":23},"end":{"line":24,"column":24}},"loc":{"start":{"line":24,"column":64},"end":{"line":54,"column":1}},"line":24}},"branchMap":{"0":{"loc":{"start":{"line":24,"column":24},"end":{"line":24,"column":51}},"type":"default-arg","locations":[{"start":{"line":24,"column":32},"end":{"line":24,"column":51}}],"line":24},"1":{"loc":{"start":{"line":25,"column":2},"end":{"line":53,"column":3}},"type":"switch","locations":[{"start":{"line":26,"column":4},"end":{"line":27,"column":54}},{"start":{"line":29,"column":4},"end":{"line":36,"column":8}},{"start":{"line":38,"column":4},"end":{"line":44,"column":8}},{"start":{"line":46,"column":4},"end":{"line":49,"column":8}},{"start":{"line":51,"column":4},"end":{"line":52,"column":19}}],"line":25}},"s":{"0":0,"1":0,"2":0,"3":0,"4":0,"5":0,"6":0,"7":0},"f":{"0":0},"b":{"0":[0],"1":[0,0,0,0,0]},"hash":"04f7f1ea0e4c9d3d75c8a4ea5f90f78d2630ee97"}
,"/Users/pedrober/repositories/cs50-mobile/project3-final/final-project/src/store/reducers/explore.js": {"path":"/Users/pedrober/repositories/cs50-mobile/project3-final/final-project/src/store/reducers/explore.js","statementMap":{"0":{"start":{"line":13,"column":28},"end":{"line":25,"column":1}},"1":{"start":{"line":27,"column":23},"end":{"line":89,"column":1}},"2":{"start":{"line":28,"column":2},"end":{"line":88,"column":3}},"3":{"start":{"line":30,"column":6},"end":{"line":30,"column":41}},"4":{"start":{"line":33,"column":46},"end":{"line":33,"column":60}},"5":{"start":{"line":34,"column":6},"end":{"line":43,"column":8}},"6":{"start":{"line":46,"column":6},"end":{"line":50,"column":8}},"7":{"start":{"line":53,"column":6},"end":{"line":53,"column":54}},"8":{"start":{"line":56,"column":6},"end":{"line":61,"column":8}},"9":{"start":{"line":64,"column":6},"end":{"line":70,"column":8}},"10":{"start":{"line":73,"column":6},"end":{"line":78,"column":8}},"11":{"start":{"line":81,"column":6},"end":{"line":81,"column":45}},"12":{"start":{"line":84,"column":6},"end":{"line":84,"column":33}},"13":{"start":{"line":87,"column":6},"end":{"line":87,"column":19}}},"fnMap":{"0":{"name":"(anonymous_0)","decl":{"start":{"line":27,"column":23},"end":{"line":27,"column":24}},"loc":{"start":{"line":27,"column":64},"end":{"line":89,"column":1}},"line":27}},"branchMap":{"0":{"loc":{"start":{"line":27,"column":24},"end":{"line":27,"column":51}},"type":"default-arg","locations":[{"start":{"line":27,"column":32},"end":{"line":27,"column":51}}],"line":27},"1":{"loc":{"start":{"line":28,"column":2},"end":{"line":88,"column":3}},"type":"switch","locations":[{"start":{"line":29,"column":4},"end":{"line":30,"column":41}},{"start":{"line":32,"column":4},"end":{"line":43,"column":8}},{"start":{"line":45,"column":4},"end":{"line":50,"column":8}},{"start":{"line":52,"column":4},"end":{"line":53,"column":54}},{"start":{"line":55,"column":4},"end":{"line":61,"column":8}},{"start":{"line":63,"column":4},"end":{"line":70,"column":8}},{"start":{"line":72,"column":4},"end":{"line":78,"column":8}},{"start":{"line":80,"column":4},"end":{"line":81,"column":45}},{"start":{"line":83,"column":4},"end":{"line":84,"column":33}},{"start":{"line":86,"column":4},"end":{"line":87,"column":19}}],"line":28}},"s":{"0":0,"1":0,"2":0,"3":0,"4":0,"5":0,"6":0,"7":0,"8":0,"9":0,"10":0,"11":0,"12":0,"13":0},"f":{"0":0},"b":{"0":[0],"1":[0,0,0,0,0,0,0,0,0,0]},"hash":"36c3f941e07bb2579e72bea81e4f08a92a0c1979"}
,"/Users/pedrober/repositories/cs50-mobile/project3-final/final-project/src/store/reducers/favorites.js": {"path":"/Users/pedrober/repositories/cs50-mobile/project3-final/final-project/src/store/reducers/favorites.js","statementMap":{"0":{"start":{"line":7,"column":37},"end":{"line":11,"column":1}},"1":{"start":{"line":13,"column":25},"end":{"line":34,"column":1}},"2":{"start":{"line":14,"column":2},"end":{"line":33,"column":3}},"3":{"start":{"line":16,"column":6},"end":{"line":23,"column":7}},"4":{"start":{"line":16,"column":34},"end":{"line":16,"column":60}},"5":{"start":{"line":17,"column":8},"end":{"line":20,"column":10}},"6":{"start":{"line":19,"column":45},"end":{"line":19,"column":71}},"7":{"start":{"line":22,"column":8},"end":{"line":22,"column":73}},"8":{"start":{"line":26,"column":6},"end":{"line":26,"column":45}},"9":{"start":{"line":29,"column":6},"end":{"line":29,"column":56}},"10":{"start":{"line":32,"column":6},"end":{"line":32,"column":19}}},"fnMap":{"0":{"name":"(anonymous_0)","decl":{"start":{"line":13,"column":25},"end":{"line":13,"column":26}},"loc":{"start":{"line":13,"column":68},"end":{"line":34,"column":1}},"line":13},"1":{"name":"(anonymous_1)","decl":{"start":{"line":16,"column":29},"end":{"line":16,"column":30}},"loc":{"start":{"line":16,"column":34},"end":{"line":16,"column":60}},"line":16},"2":{"name":"(anonymous_2)","decl":{"start":{"line":19,"column":40},"end":{"line":19,"column":41}},"loc":{"start":{"line":19,"column":45},"end":{"line":19,"column":71}},"line":19}},"branchMap":{"0":{"loc":{"start":{"line":13,"column":26},"end":{"line":13,"column":55}},"type":"default-arg","locations":[{"start":{"line":13,"column":34},"end":{"line":13,"column":55}}],"line":13},"1":{"loc":{"start":{"line":14,"column":2},"end":{"line":33,"column":3}},"type":"switch","locations":[{"start":{"line":15,"column":4},"end":{"line":23,"column":7}},{"start":{"line":25,"column":4},"end":{"line":26,"column":45}},{"start":{"line":28,"column":4},"end":{"line":29,"column":56}},{"start":{"line":31,"column":4},"end":{"line":32,"column":19}}],"line":14},"2":{"loc":{"start":{"line":16,"column":6},"end":{"line":23,"column":7}},"type":"if","locations":[{"start":{"line":16,"column":6},"end":{"line":23,"column":7}},{"start":{"line":16,"column":6},"end":{"line":23,"column":7}}],"line":16}},"s":{"0":0,"1":0,"2":0,"3":0,"4":0,"5":0,"6":0,"7":0,"8":0,"9":0,"10":0},"f":{"0":0,"1":0,"2":0},"b":{"0":[0],"1":[0,0,0,0],"2":[0,0]},"hash":"7bf4204082eabda74dc0181701d646d12be7fbdc"}
,"/Users/pedrober/repositories/cs50-mobile/project3-final/final-project/src/store/reducers/feed.js": {"path":"/Users/pedrober/repositories/cs50-mobile/project3-final/final-project/src/store/reducers/feed.js","statementMap":{"0":{"start":{"line":11,"column":32},"end":{"line":21,"column":1}},"1":{"start":{"line":23,"column":20},"end":{"line":77,"column":1}},"2":{"start":{"line":24,"column":2},"end":{"line":76,"column":3}},"3":{"start":{"line":26,"column":6},"end":{"line":26,"column":41}},"4":{"start":{"line":29,"column":32},"end":{"line":29,"column":46}},"5":{"start":{"line":30,"column":20},"end":{"line":32,"column":7}},"6":{"start":{"line":31,"column":13},"end":{"line":31,"column":52}},"7":{"start":{"line":31,"column":38},"end":{"line":31,"column":51}},"8":{"start":{"line":33,"column":6},"end":{"line":40,"column":8}},"9":{"start":{"line":43,"column":6},"end":{"line":48,"column":8}},"10":{"start":{"line":51,"column":6},"end":{"line":58,"column":8}},"11":{"start":{"line":61,"column":6},"end":{"line":66,"column":8}},"12":{"start":{"line":69,"column":6},"end":{"line":69,"column":45}},"13":{"start":{"line":72,"column":6},"end":{"line":72,"column":56}},"14":{"start":{"line":75,"column":6},"end":{"line":75,"column":19}}},"fnMap":{"0":{"name":"(anonymous_0)","decl":{"start":{"line":23,"column":20},"end":{"line":23,"column":21}},"loc":{"start":{"line":23,"column":58},"end":{"line":77,"column":1}},"line":23},"1":{"name":"(anonymous_1)","decl":{"start":{"line":31,"column":8},"end":{"line":31,"column":9}},"loc":{"start":{"line":31,"column":13},"end":{"line":31,"column":52}},"line":31},"2":{"name":"(anonymous_2)","decl":{"start":{"line":31,"column":33},"end":{"line":31,"column":34}},"loc":{"start":{"line":31,"column":38},"end":{"line":31,"column":51}},"line":31}},"branchMap":{"0":{"loc":{"start":{"line":23,"column":21},"end":{"line":23,"column":45}},"type":"default-arg","locations":[{"start":{"line":23,"column":29},"end":{"line":23,"column":45}}],"line":23},"1":{"loc":{"start":{"line":24,"column":2},"end":{"line":76,"column":3}},"type":"switch","locations":[{"start":{"line":25,"column":4},"end":{"line":26,"column":41}},{"start":{"line":28,"column":4},"end":{"line":40,"column":8}},{"start":{"line":42,"column":4},"end":{"line":48,"column":8}},{"start":{"line":50,"column":4},"end":{"line":58,"column":8}},{"start":{"line":60,"column":4},"end":{"line":66,"column":8}},{"start":{"line":68,"column":4},"end":{"line":69,"column":45}},{"start":{"line":71,"column":4},"end":{"line":72,"column":56}},{"start":{"line":74,"column":4},"end":{"line":75,"column":19}}],"line":24}},"s":{"0":1,"1":1,"2":8,"3":1,"4":1,"5":1,"6":2,"7":0,"8":1,"9":1,"10":1,"11":1,"12":1,"13":1,"14":1},"f":{"0":8,"1":2,"2":0},"b":{"0":[0],"1":[1,1,1,1,1,1,1,1]},"_coverageSchema":"43e27e138ebf9cfc5966b082cf9a028302ed4184","hash":"b9fe65d2e834c0978c27ed9d05b4756442d55651"}
,"/Users/pedrober/repositories/cs50-mobile/project3-final/final-project/src/store/reducers/index.js": {"path":"/Users/pedrober/repositories/cs50-mobile/project3-final/final-project/src/store/reducers/index.js","statementMap":{"0":{"start":{"line":4,"column":28},"end":{"line":6,"column":1}},"1":{"start":{"line":8,"column":16},"end":{"line":10,"column":2}}},"fnMap":{},"branchMap":{},"s":{"0":0,"1":0},"f":{},"b":{},"hash":"c83a8196a0406d87820bebc4d7a3b9f6a5f0a081"}
,"/Users/pedrober/repositories/cs50-mobile/project3-final/final-project/src/store/reducers/person.js": {"path":"/Users/pedrober/repositories/cs50-mobile/project3-final/final-project/src/store/reducers/person.js","statementMap":{"0":{"start":{"line":10,"column":34},"end":{"line":22,"column":1}},"1":{"start":{"line":24,"column":22},"end":{"line":81,"column":1}},"2":{"start":{"line":25,"column":2},"end":{"line":80,"column":3}},"3":{"start":{"line":27,"column":6},"end":{"line":27,"column":70}},"4":{"start":{"line":30,"column":6},"end":{"line":37,"column":8}},"5":{"start":{"line":40,"column":6},"end":{"line":47,"column":8}},"6":{"start":{"line":50,"column":6},"end":{"line":50,"column":72}},"7":{"start":{"line":53,"column":32},"end":{"line":53,"column":46}},"8":{"start":{"line":54,"column":20},"end":{"line":56,"column":7}},"9":{"start":{"line":55,"column":13},"end":{"line":55,"column":57}},"10":{"start":{"line":55,"column":43},"end":{"line":55,"column":56}},"11":{"start":{"line":57,"column":6},"end":{"line":65,"column":8}},"12":{"start":{"line":68,"column":6},"end":{"line":76,"column":8}},"13":{"start":{"line":79,"column":6},"end":{"line":79,"column":19}}},"fnMap":{"0":{"name":"(anonymous_0)","decl":{"start":{"line":24,"column":22},"end":{"line":24,"column":23}},"loc":{"start":{"line":24,"column":62},"end":{"line":81,"column":1}},"line":24},"1":{"name":"(anonymous_1)","decl":{"start":{"line":55,"column":8},"end":{"line":55,"column":9}},"loc":{"start":{"line":55,"column":13},"end":{"line":55,"column":57}},"line":55},"2":{"name":"(anonymous_2)","decl":{"start":{"line":55,"column":38},"end":{"line":55,"column":39}},"loc":{"start":{"line":55,"column":43},"end":{"line":55,"column":56}},"line":55}},"branchMap":{"0":{"loc":{"start":{"line":24,"column":23},"end":{"line":24,"column":49}},"type":"default-arg","locations":[{"start":{"line":24,"column":31},"end":{"line":24,"column":49}}],"line":24},"1":{"loc":{"start":{"line":25,"column":2},"end":{"line":80,"column":3}},"type":"switch","locations":[{"start":{"line":26,"column":4},"end":{"line":27,"column":70}},{"start":{"line":29,"column":4},"end":{"line":37,"column":8}},{"start":{"line":39,"column":4},"end":{"line":47,"column":8}},{"start":{"line":49,"column":4},"end":{"line":50,"column":72}},{"start":{"line":52,"column":4},"end":{"line":65,"column":8}},{"start":{"line":67,"column":4},"end":{"line":76,"column":8}},{"start":{"line":78,"column":4},"end":{"line":79,"column":19}}],"line":25}},"s":{"0":0,"1":0,"2":0,"3":0,"4":0,"5":0,"6":0,"7":0,"8":0,"9":0,"10":0,"11":0,"12":0,"13":0},"f":{"0":0,"1":0,"2":0},"b":{"0":[0],"1":[0,0,0,0,0,0,0]},"hash":"389dd6aa86696a253d76cb169b690ac385a2e982"}
}
