TN:
SF:/Users/pedrober/repositories/cs50-mobile/project3-final/final-project/src/api/api.js
FN:3,(anonymous_0)
FN:8,(anonymous_1)
FN:17,(anonymous_2)
FN:45,(anonymous_3)
FN:45,(anonymous_4)
FN:46,(anonymous_5)
FN:48,(anonymous_6)
FN:55,(anonymous_7)
FN:65,(anonymous_8)
FN:82,(anonymous_9)
FN:86,(anonymous_10)
FN:103,(anonymous_11)
FN:109,(anonymous_12)
FN:120,(anonymous_13)
FNF:14
FNH:0
FNDA:0,(anonymous_0)
FNDA:0,(anonymous_1)
FNDA:0,(anonymous_2)
FNDA:0,(anonymous_3)
FNDA:0,(anonymous_4)
FNDA:0,(anonymous_5)
FNDA:0,(anonymous_6)
FNDA:0,(anonymous_7)
FNDA:0,(anonymous_8)
FNDA:0,(anonymous_9)
FNDA:0,(anonymous_10)
FNDA:0,(anonymous_11)
FNDA:0,(anonymous_12)
FNDA:0,(anonymous_13)
DA:1,9
DA:3,9
DA:4,0
DA:8,0
DA:14,0
DA:17,9
DA:23,0
DA:24,0
DA:25,0
DA:36,0
DA:37,0
DA:38,0
DA:39,0
DA:41,0
DA:42,0
DA:45,9
DA:46,9
DA:47,0
DA:48,0
DA:55,9
DA:56,0
DA:57,0
DA:62,0
DA:65,9
DA:67,0
DA:70,0
DA:73,0
DA:74,0
DA:75,0
DA:76,0
DA:78,0
DA:79,0
DA:82,9
DA:83,0
DA:86,9
DA:88,0
DA:91,0
DA:94,0
DA:95,0
DA:96,0
DA:97,0
DA:99,0
DA:100,0
DA:103,9
DA:104,0
DA:105,0
DA:106,0
DA:107,0
DA:109,0
DA:116,0
DA:120,9
DA:126,0
DA:128,0
DA:129,0
DA:130,0
DA:132,0
DA:134,0
DA:135,0
DA:136,0
DA:138,0
DA:139,0
DA:140,0
DA:141,0
DA:143,0
DA:144,0
DA:146,0
DA:147,0
DA:148,0
DA:150,0
DA:151,0
DA:154,0
DA:155,0
DA:156,0
DA:159,0
DA:168,0
DA:169,0
DA:173,0
DA:174,0
DA:175,0
DA:176,0
DA:178,0
DA:179,0
LF:82
LH:11
BRDA:18,0,0,0
BRDA:19,1,0,0
BRDA:20,2,0,0
BRDA:21,3,0,0
BRDA:23,4,0,0
BRDA:23,4,1,0
BRDA:37,5,0,0
BRDA:37,5,1,0
BRDA:47,6,0,0
BRDA:47,6,1,0
BRDA:59,7,0,0
BRDA:59,7,1,0
BRDA:60,8,0,0
BRDA:60,8,1,0
BRDA:74,9,0,0
BRDA:74,9,1,0
BRDA:95,10,0,0
BRDA:95,10,1,0
BRDA:104,11,0,0
BRDA:104,11,1,0
BRDA:104,12,0,0
BRDA:104,12,1,0
BRDA:105,13,0,0
BRDA:105,13,1,0
BRDA:106,14,0,0
BRDA:106,14,1,0
BRDA:111,15,0,0
BRDA:111,15,1,0
BRDA:121,16,0,0
BRDA:123,17,0,0
BRDA:124,18,0,0
BRDA:126,19,0,0
BRDA:126,19,1,0
BRDA:130,20,0,0
BRDA:130,20,1,0
BRDA:132,21,0,0
BRDA:132,21,1,0
BRDA:132,21,2,0
BRDA:132,21,3,0
BRDA:132,21,4,0
BRDA:154,22,0,0
BRDA:154,22,1,0
BRDA:155,23,0,0
BRDA:155,23,1,0
BRDA:168,24,0,0
BRDA:168,24,1,0
BRDA:174,25,0,0
BRDA:174,25,1,0
BRF:48
BRH:0
end_of_record
TN:
SF:/Users/pedrober/repositories/cs50-mobile/project3-final/final-project/src/components/TabBarIcon.js
FN:5,(anonymous_0)
FNF:1
FNH:0
FNDA:0,(anonymous_0)
DA:5,0
DA:6,0
DA:11,0
LF:3
LH:0
BRDA:7,0,0,0
BRDA:7,0,1,0
BRF:2
BRH:0
end_of_record
TN:
SF:/Users/pedrober/repositories/cs50-mobile/project3-final/final-project/src/constants/theme.js
FNF:0
FNH:0
DA:3,0
LF:1
LH:0
BRF:0
BRH:0
end_of_record
TN:
SF:/Users/pedrober/repositories/cs50-mobile/project3-final/final-project/src/navigation/AppNavigator.js
FNF:0
FNH:0
DA:11,0
LF:1
LH:0
BRF:0
BRH:0
end_of_record
TN:
SF:/Users/pedrober/repositories/cs50-mobile/project3-final/final-project/src/navigation/MainTabNavigator.js
FN:14,(anonymous_0)
FN:19,(anonymous_1)
FN:23,(anonymous_2)
FN:38,(anonymous_3)
FN:55,(anonymous_4)
FNF:5
FNH:0
FNDA:0,(anonymous_0)
FNDA:0,(anonymous_1)
FNDA:0,(anonymous_2)
FNDA:0,(anonymous_3)
FNDA:0,(anonymous_4)
DA:14,0
DA:15,0
DA:19,0
DA:23,0
DA:24,0
DA:26,0
DA:28,0
DA:30,0
DA:32,0
DA:34,0
DA:38,0
DA:39,0
DA:49,0
DA:55,0
DA:62,0
LF:15
LH:0
BRDA:24,0,0,0
BRDA:24,0,1,0
BRDA:24,0,2,0
BRDA:24,0,3,0
BRDA:24,0,4,0
BRF:5
BRH:0
end_of_record
TN:
SF:/Users/pedrober/repositories/cs50-mobile/project3-final/final-project/src/store/index.js
FNF:0
FNH:0
DA:8,0
DA:16,0
DA:18,0
DA:24,0
LF:4
LH:0
BRF:0
BRH:0
end_of_record
TN:
SF:/Users/pedrober/repositories/cs50-mobile/project3-final/final-project/src/store/actions/details.js
FN:13,(anonymous_0)
FN:13,(anonymous_1)
FN:27,(anonymous_2)
FNF:3
FNH:0
FNDA:0,(anonymous_0)
FNDA:0,(anonymous_1)
FNDA:0,(anonymous_2)
DA:6,2
DA:7,2
DA:8,2
DA:9,2
DA:13,2
DA:14,0
DA:15,0
DA:16,0
DA:18,0
DA:23,0
DA:27,2
LF:11
LH:6
BRF:0
BRH:0
end_of_record
TN:
SF:/Users/pedrober/repositories/cs50-mobile/project3-final/final-project/src/store/actions/explore.js
FN:18,(anonymous_0)
FN:23,(anonymous_1)
FN:40,(anonymous_2)
FN:40,(anonymous_3)
FN:50,(anonymous_4)
FN:50,(anonymous_5)
FN:76,(anonymous_6)
FN:76,(anonymous_7)
FN:96,(anonymous_8)
FN:101,(anonymous_9)
FN:109,(anonymous_10)
FNF:11
FNH:0
FNDA:0,(anonymous_0)
FNDA:0,(anonymous_1)
FNDA:0,(anonymous_2)
FNDA:0,(anonymous_3)
FNDA:0,(anonymous_4)
FNDA:0,(anonymous_5)
FNDA:0,(anonymous_6)
FNDA:0,(anonymous_7)
FNDA:0,(anonymous_8)
FNDA:0,(anonymous_9)
FNDA:0,(anonymous_10)
DA:6,2
DA:7,2
DA:8,2
DA:9,2
DA:10,2
DA:11,2
DA:12,2
DA:13,2
DA:14,2
DA:18,2
DA:23,0
DA:24,0
DA:25,0
DA:26,0
DA:28,0
DA:33,0
DA:40,2
DA:41,0
DA:42,0
DA:44,0
DA:45,0
DA:46,0
DA:50,2
DA:51,0
DA:58,0
DA:59,0
DA:61,0
DA:62,0
DA:63,0
DA:64,0
DA:69,0
DA:76,2
DA:77,0
DA:79,0
DA:80,0
DA:84,0
DA:86,0
DA:87,0
DA:89,0
DA:96,2
DA:101,0
DA:102,0
DA:103,0
DA:105,0
DA:109,2
LF:45
LH:15
BRDA:20,0,0,0
BRDA:21,1,0,0
BRDA:22,2,0,0
BRDA:29,3,0,0
BRDA:29,3,1,0
BRDA:34,4,0,0
BRDA:34,4,1,0
BRDA:41,5,0,0
BRDA:41,5,1,0
BRDA:61,6,0,0
BRDA:61,6,1,0
BRDA:63,7,0,0
BRDA:63,7,1,0
BRDA:76,8,0,0
BRDA:80,9,0,0
BRDA:80,9,1,0
BRDA:86,10,0,0
BRDA:86,10,1,0
BRDA:97,11,0,0
BRDA:99,12,0,0
BRDA:100,13,0,0
BRDA:102,14,0,0
BRDA:102,14,1,0
BRF:23
BRH:0
end_of_record
TN:
SF:/Users/pedrober/repositories/cs50-mobile/project3-final/final-project/src/store/actions/favorites.js
FN:5,(anonymous_0)
FN:10,(anonymous_1)
FN:12,(anonymous_2)
FNF:3
FNH:0
FNDA:0,(anonymous_0)
FNDA:0,(anonymous_1)
FNDA:0,(anonymous_2)
DA:1,1
DA:2,1
DA:3,1
DA:5,1
DA:10,1
DA:12,1
LF:6
LH:6
BRF:0
BRH:0
end_of_record
TN:
SF:/Users/pedrober/repositories/cs50-mobile/project3-final/final-project/src/store/actions/feed.js
FN:15,(anonymous_0)
FN:15,(anonymous_1)
FN:30,(anonymous_2)
FN:30,(anonymous_3)
FN:45,(anonymous_4)
FN:47,(anonymous_5)
FN:52,(anonymous_6)
FN:52,(anonymous_7)
FNF:8
FNH:7
FNDA:2,(anonymous_0)
FNDA:2,(anonymous_1)
FNDA:2,(anonymous_2)
FNDA:2,(anonymous_3)
FNDA:0,(anonymous_4)
FNDA:3,(anonymous_5)
FNDA:3,(anonymous_6)
FNDA:3,(anonymous_7)
DA:5,3
DA:6,3
DA:7,3
DA:8,3
DA:9,3
DA:10,3
DA:11,3
DA:15,3
DA:16,2
DA:17,2
DA:18,2
DA:19,1
DA:26,1
DA:30,3
DA:31,2
DA:32,2
DA:33,2
DA:34,1
DA:41,1
DA:45,3
DA:47,3
DA:52,3
DA:53,3
DA:54,3
DA:55,3
DA:59,2
DA:66,1
LF:27
LH:27
BRDA:30,0,0,2
BRDA:55,1,0,1
BRDA:55,1,1,2
BRF:3
BRH:3
end_of_record
TN:
SF:/Users/pedrober/repositories/cs50-mobile/project3-final/final-project/src/store/actions/person.js
FN:15,(anonymous_0)
FN:15,(anonymous_1)
FN:29,(anonymous_2)
FN:29,(anonymous_3)
FNF:4
FNH:0
FNDA:0,(anonymous_0)
FNDA:0,(anonymous_1)
FNDA:0,(anonymous_2)
FNDA:0,(anonymous_3)
DA:5,2
DA:6,2
DA:7,2
DA:8,2
DA:10,2
DA:11,2
DA:15,2
DA:16,0
DA:17,0
DA:18,0
DA:20,0
DA:25,0
DA:29,2
DA:30,0
DA:31,0
DA:33,0
DA:34,0
DA:36,0
DA:38,0
DA:43,0
LF:20
LH:8
BRDA:33,0,0,0
BRDA:33,0,1,0
BRF:2
BRH:0
end_of_record
TN:
SF:/Users/pedrober/repositories/cs50-mobile/project3-final/final-project/src/store/hooks/details.js
FN:6,useDetailsReducer
FN:9,(anonymous_1)
FNF:2
FNH:1
FNDA:1,useDetailsReducer
FNDA:0,(anonymous_1)
DA:7,1
DA:9,1
DA:11,1
LF:3
LH:3
BRF:0
BRH:0
end_of_record
TN:
SF:/Users/pedrober/repositories/cs50-mobile/project3-final/final-project/src/store/hooks/explore.js
FN:6,useExploreReducer
FN:11,(anonymous_1)
FN:13,(anonymous_2)
FN:16,(anonymous_3)
FN:21,(anonymous_4)
FNF:5
FNH:1
FNDA:1,useExploreReducer
FNDA:0,(anonymous_1)
FNDA:0,(anonymous_2)
FNDA:0,(anonymous_3)
FNDA:0,(anonymous_4)
DA:7,1
DA:9,1
DA:11,1
DA:13,1
DA:14,0
DA:16,1
DA:17,0
DA:18,0
DA:21,1
DA:22,0
DA:25,1
LF:11
LH:7
BRDA:14,0,0,0
BRDA:14,0,1,0
BRDA:18,1,0,0
BRDA:18,1,1,0
BRDA:22,2,0,0
BRDA:22,2,1,0
BRF:6
BRH:0
end_of_record
TN:
SF:/Users/pedrober/repositories/cs50-mobile/project3-final/final-project/src/store/hooks/feed.js
FN:13,(anonymous_0)
FN:13,(anonymous_1)
FN:15,(anonymous_2)
FN:26,useFeedReducer
FN:32,(anonymous_4)
FN:36,(anonymous_5)
FN:39,(anonymous_6)
FN:41,(anonymous_7)
FN:45,(anonymous_8)
FN:50,(anonymous_9)
FNF:10
FNH:1
FNDA:0,(anonymous_0)
FNDA:0,(anonymous_1)
FNDA:0,(anonymous_2)
FNDA:2,useFeedReducer
FNDA:0,(anonymous_4)
FNDA:0,(anonymous_5)
FNDA:0,(anonymous_6)
FNDA:0,(anonymous_7)
FNDA:0,(anonymous_8)
FNDA:0,(anonymous_9)
DA:13,1
DA:14,0
DA:15,0
DA:16,0
DA:17,0
DA:21,0
DA:27,2
DA:32,2
DA:35,2
DA:36,0
DA:39,2
DA:40,2
DA:41,0
DA:44,2
DA:46,0
DA:49,2
DA:50,0
DA:54,2
LF:18
LH:9
BRDA:14,0,0,0
BRDA:14,0,1,0
BRDA:16,1,0,0
BRDA:16,1,1,0
BRDA:50,2,0,0
BRDA:50,2,1,0
BRF:6
BRH:0
end_of_record
TN:
SF:/Users/pedrober/repositories/cs50-mobile/project3-final/final-project/src/store/hooks/person.js
FN:8,useDetailsReducer
FN:11,(anonymous_1)
FN:12,(anonymous_2)
FN:13,(anonymous_3)
FNF:4
FNH:1
FNDA:1,useDetailsReducer
FNDA:0,(anonymous_1)
FNDA:0,(anonymous_2)
FNDA:0,(anonymous_3)
DA:9,1
DA:11,1
DA:12,1
DA:13,1
DA:14,0
DA:16,1
LF:6
LH:5
BRDA:14,0,0,0
BRDA:14,0,1,0
BRF:2
BRH:0
end_of_record
TN:
SF:/Users/pedrober/repositories/cs50-mobile/project3-final/final-project/src/store/reducers/details.js
FN:23,(anonymous_0)
FNF:1
FNH:1
FNDA:5,(anonymous_0)
DA:8,2
DA:23,2
DA:24,5
DA:26,1
DA:29,1
DA:37,1
DA:44,1
DA:49,1
LF:8
LH:8
BRDA:23,0,0,0
BRDA:24,1,0,1
BRDA:24,1,1,1
BRDA:24,1,2,1
BRDA:24,1,3,1
BRDA:24,1,4,1
BRF:6
BRH:5
end_of_record
TN:
SF:/Users/pedrober/repositories/cs50-mobile/project3-final/final-project/src/store/reducers/explore.js
FN:27,(anonymous_0)
FNF:1
FNH:1
FNDA:10,(anonymous_0)
DA:13,2
DA:27,2
DA:28,10
DA:30,1
DA:33,1
DA:34,1
DA:46,1
DA:53,1
DA:56,1
DA:64,1
DA:73,1
DA:81,1
DA:84,1
DA:87,1
LF:14
LH:14
BRDA:27,0,0,0
BRDA:28,1,0,1
BRDA:28,1,1,1
BRDA:28,1,2,1
BRDA:28,1,3,1
BRDA:28,1,4,1
BRDA:28,1,5,1
BRDA:28,1,6,1
BRDA:28,1,7,1
BRDA:28,1,8,1
BRDA:28,1,9,1
BRF:11
BRH:10
end_of_record
TN:
SF:/Users/pedrober/repositories/cs50-mobile/project3-final/final-project/src/store/reducers/favorites.js
FN:13,(anonymous_0)
FN:16,(anonymous_1)
FN:19,(anonymous_2)
FNF:3
FNH:3
FNDA:5,(anonymous_0)
FNDA:1,(anonymous_1)
FNDA:1,(anonymous_2)
DA:7,1
DA:13,1
DA:14,5
DA:16,2
DA:17,1
DA:19,1
DA:22,1
DA:26,1
DA:29,1
DA:32,1
LF:10
LH:10
BRDA:13,0,0,0
BRDA:14,1,0,2
BRDA:14,1,1,1
BRDA:14,1,2,1
BRDA:14,1,3,1
BRDA:16,2,0,1
BRDA:16,2,1,1
BRF:7
BRH:6
end_of_record
TN:
SF:/Users/pedrober/repositories/cs50-mobile/project3-final/final-project/src/store/reducers/feed.js
FN:23,(anonymous_0)
FN:31,(anonymous_1)
FN:31,(anonymous_2)
FNF:3
FNH:2
FNDA:8,(anonymous_0)
FNDA:2,(anonymous_1)
FNDA:0,(anonymous_2)
DA:11,2
DA:23,2
DA:24,8
DA:26,1
DA:29,1
DA:30,1
DA:31,2
DA:33,1
DA:43,1
DA:51,1
DA:61,1
DA:69,1
DA:72,1
DA:75,1
LF:14
LH:14
BRDA:23,0,0,0
BRDA:24,1,0,1
BRDA:24,1,1,1
BRDA:24,1,2,1
BRDA:24,1,3,1
BRDA:24,1,4,1
BRDA:24,1,5,1
BRDA:24,1,6,1
BRDA:24,1,7,1
BRF:9
BRH:8
end_of_record
TN:
SF:/Users/pedrober/repositories/cs50-mobile/project3-final/final-project/src/store/reducers/index.js
FNF:0
FNH:0
DA:4,0
DA:8,0
LF:2
LH:0
BRF:0
BRH:0
end_of_record
TN:
SF:/Users/pedrober/repositories/cs50-mobile/project3-final/final-project/src/store/reducers/person.js
FN:24,(anonymous_0)
FN:55,(anonymous_1)
FN:55,(anonymous_2)
FNF:3
FNH:2
FNDA:7,(anonymous_0)
FNDA:1,(anonymous_1)
FNDA:0,(anonymous_2)
DA:10,2
DA:24,2
DA:25,7
DA:27,1
DA:30,1
DA:40,1
DA:50,1
DA:53,1
DA:54,1
DA:55,1
DA:57,1
DA:68,1
DA:79,1
LF:13
LH:13
BRDA:24,0,0,0
BRDA:25,1,0,1
BRDA:25,1,1,1
BRDA:25,1,2,1
BRDA:25,1,3,1
BRDA:25,1,4,1
BRDA:25,1,5,1
BRDA:25,1,6,1
BRF:8
BRH:7
end_of_record
